Using pre-set license
Built from '2020.3/staging' branch; Version is '2020.3.9f1 (108be757e447) revision 1084391'; Using compiler version '192528614'; Build Type 'Release'
OS: 'Windows 10 Pro; OS build 19042.985; Version 2009; 64bit' Language: 'zh' Physical Memory: 8126 MB
BatchMode: 1, IsHumanControllingUs: 0, StartBugReporterOnCrash: 0, Is64bit: 1, IsPro: 0

 COMMAND LINE ARGUMENTS:
C:\Program Files\Unity\Hub\Editor\2020.3.9f1\Editor\Unity.exe
-adb2
-batchMode
-noUpm
-name
AssetImportWorker1
-projectPath
C:/Users/lin/Documents/Epic-Rhythm-Game
-logFile
Logs/AssetImportWorker1.log
-srvPort
62235
Successfully changed project path to: C:/Users/lin/Documents/Epic-Rhythm-Game
C:/Users/lin/Documents/Epic-Rhythm-Game
Using Asset Import Pipeline V2.
Refreshing native plugins compatible for Editor in 51.81 ms, found 1 plugins.
Preloading 0 native plugins for Editor in 0.00 ms.
Initialize engine version: 2020.3.9f1 (108be757e447)
[Subsystems] Discovering subsystems at path C:/Program Files/Unity/Hub/Editor/2020.3.9f1/Editor/Data/Resources/UnitySubsystems
[Subsystems] Discovering subsystems at path C:/Users/lin/Documents/Epic-Rhythm-Game/Assets
GfxDevice: creating device client; threaded=0
Direct3D:
    Version:  Direct3D 11.0 [level 11.1]
    Renderer: NVIDIA GeForce GTX 960 (ID=0x1401)
    Vendor:   
    VRAM:     2007 MB
    Driver:   27.21.14.6627
Initialize mono
Mono path[0] = 'C:/Program Files/Unity/Hub/Editor/2020.3.9f1/Editor/Data/Managed'
Mono path[1] = 'C:/Program Files/Unity/Hub/Editor/2020.3.9f1/Editor/Data/MonoBleedingEdge/lib/mono/unityjit'
Mono config path = 'C:/Program Files/Unity/Hub/Editor/2020.3.9f1/Editor/Data/MonoBleedingEdge/etc'
Using monoOptions --debugger-agent=transport=dt_socket,embedding=1,server=y,suspend=n,address=127.0.0.1:56692
Begin MonoManager ReloadAssembly
Registering precompiled unity dll's ...
Register platform support module: C:/Program Files/Unity/Hub/Editor/2020.3.9f1/Editor/Data/PlaybackEngines/MacStandaloneSupport/UnityEditor.OSXStandalone.Extensions.dll
Register platform support module: C:/Program Files/Unity/Hub/Editor/2020.3.9f1/Editor/Data/PlaybackEngines/WindowsStandaloneSupport/UnityEditor.WindowsStandalone.Extensions.dll
Registered in 0.003087 seconds.
Native extension for WindowsStandalone target not found
Native extension for OSXStandalone target not found
Refreshing native plugins compatible for Editor in 55.46 ms, found 1 plugins.
Preloading 0 native plugins for Editor in 0.00 ms.
Mono: successfully reloaded assembly
- Completed reload, in  4.454 seconds
Platform modules already initialized, skipping
Registering precompiled user dll's ...
Registered in 0.001237 seconds.
Begin MonoManager ReloadAssembly
Native extension for WindowsStandalone target not found
Native extension for OSXStandalone target not found
Refreshing native plugins compatible for Editor in 52.18 ms, found 1 plugins.
Preloading 0 native plugins for Editor in 0.00 ms.
Mono: successfully reloaded assembly
- Completed reload, in  1.373 seconds
Platform modules already initialized, skipping
========================================================================
Worker process is ready to serve import requests
Launched and connected shader compiler UnityShaderCompiler.exe after 0.18 seconds
Refreshing native plugins compatible for Editor in 0.43 ms, found 1 plugins.
Preloading 0 native plugins for Editor in 0.00 ms.
Unloading 1837 Unused Serialized files (Serialized files now loaded: 0)
System memory in use before: 157.5 MB.
System memory in use after: 157.5 MB.

Unloading 23 unused Assets to reduce memory usage. Loaded Objects now: 2284.
Total: 2.602700 ms (FindLiveObjects: 0.228700 ms CreateObjectMapping: 0.080100 ms MarkObjects: 2.136200 ms  DeleteObjects: 0.155900 ms)

========================================================================
Received Import Request.
  path: ProjectSettings/TagManager.asset
  artifactKey: Guid(00000000000000003000000000000000) Importer(815301076,1909f56bfc062723c751e8b465ee728b)
Start importing ProjectSettings/TagManager.asset using Guid(00000000000000003000000000000000) Importer(815301076,1909f56bfc062723c751e8b465ee728b)  -> (artifact id: '51075438b92b931172b25b798a99d147') in 0.051192 seconds
  Import took 0.055648 seconds .

========================================================================
Received Import Request.
  Time since last request: 0.000217 seconds.
  path: Assets/Prefabs/Recorder/Recorder_CircleNote.prefab
  artifactKey: Guid(c5794498ce12f2249b47acb2e02942ed) Importer(815301076,1909f56bfc062723c751e8b465ee728b)
Start importing Assets/Prefabs/Recorder/Recorder_CircleNote.prefab using Guid(c5794498ce12f2249b47acb2e02942ed) Importer(815301076,1909f56bfc062723c751e8b465ee728b)  -> (artifact id: '1b0a258fa7f81ac141749d776fd98e93') in 0.113583 seconds
  Import took 0.117529 seconds .

========================================================================
Received Import Request.
  Time since last request: 30.946979 seconds.
  path: Assets/Prefabs/Recorder/Recorder_CircleNote.prefab
  artifactKey: Guid(c5794498ce12f2249b47acb2e02942ed) Importer(815301076,1909f56bfc062723c751e8b465ee728b)
Start importing Assets/Prefabs/Recorder/Recorder_CircleNote.prefab using Guid(c5794498ce12f2249b47acb2e02942ed) Importer(815301076,1909f56bfc062723c751e8b465ee728b)  -> (artifact id: 'ff088dc18237ba5ebf54051e74325f80') in 0.012658 seconds
  Import took 0.017583 seconds .

========================================================================
Received Import Request.
  Time since last request: 9.772082 seconds.
  path: Assets/Prefabs/Recorder/Recorder_CircleNote.prefab
  artifactKey: Guid(c5794498ce12f2249b47acb2e02942ed) Importer(815301076,1909f56bfc062723c751e8b465ee728b)
Start importing Assets/Prefabs/Recorder/Recorder_CircleNote.prefab using Guid(c5794498ce12f2249b47acb2e02942ed) Importer(815301076,1909f56bfc062723c751e8b465ee728b)  -> (artifact id: '7345bb12b81460eac2361d6f3a042bc3') in 0.015206 seconds
  Import took 0.023799 seconds .

========================================================================
Received Import Request.
  Time since last request: 1.876885 seconds.
  path: Assets/Prefabs/Recorder/Recorder_CircleNote.prefab
  artifactKey: Guid(c5794498ce12f2249b47acb2e02942ed) Importer(815301076,1909f56bfc062723c751e8b465ee728b)
Start importing Assets/Prefabs/Recorder/Recorder_CircleNote.prefab using Guid(c5794498ce12f2249b47acb2e02942ed) Importer(815301076,1909f56bfc062723c751e8b465ee728b)  -> (artifact id: '02feb81154d91c5ec7dfd7c87218b70f') in 0.018356 seconds
  Import took 0.022575 seconds .

========================================================================
Received Import Request.
  Time since last request: 3.026110 seconds.
  path: Assets/Prefabs/Recorder/Recorder_CircleNote.prefab
  artifactKey: Guid(c5794498ce12f2249b47acb2e02942ed) Importer(815301076,1909f56bfc062723c751e8b465ee728b)
Start importing Assets/Prefabs/Recorder/Recorder_CircleNote.prefab using Guid(c5794498ce12f2249b47acb2e02942ed) Importer(815301076,1909f56bfc062723c751e8b465ee728b)  -> (artifact id: '36a66527df506d696160edfa5d02855a') in 0.018831 seconds
  Import took 0.022983 seconds .

========================================================================
Received Import Request.
  Time since last request: 6.740630 seconds.
  path: Assets/Prefabs/Recorder/Recorder_CircleNote.prefab
  artifactKey: Guid(c5794498ce12f2249b47acb2e02942ed) Importer(815301076,1909f56bfc062723c751e8b465ee728b)
Start importing Assets/Prefabs/Recorder/Recorder_CircleNote.prefab using Guid(c5794498ce12f2249b47acb2e02942ed) Importer(815301076,1909f56bfc062723c751e8b465ee728b)  -> (artifact id: 'a2a687bbcaca01fa6b9b227affa54880') in 0.012777 seconds
  Import took 0.018230 seconds .

========================================================================
Received Import Request.
  Time since last request: 11.470492 seconds.
  path: Assets/Prefabs/Recorder/Recorder_Note.prefab
  artifactKey: Guid(2e3023ea38010154fbfecb7787f4fd54) Importer(815301076,1909f56bfc062723c751e8b465ee728b)
Start importing Assets/Prefabs/Recorder/Recorder_Note.prefab using Guid(2e3023ea38010154fbfecb7787f4fd54) Importer(815301076,1909f56bfc062723c751e8b465ee728b)  -> (artifact id: '2b0ed15002343b0dcdcd86c33155cc85') in 0.024794 seconds
  Import took 0.028241 seconds .

========================================================================
Received Import Request.
  Time since last request: 5.367331 seconds.
  path: Assets/Prefabs/Recorder/Recorder_Note.prefab
  artifactKey: Guid(2e3023ea38010154fbfecb7787f4fd54) Importer(815301076,1909f56bfc062723c751e8b465ee728b)
Start importing Assets/Prefabs/Recorder/Recorder_Note.prefab using Guid(2e3023ea38010154fbfecb7787f4fd54) Importer(815301076,1909f56bfc062723c751e8b465ee728b)  -> (artifact id: 'ca6e74fe3e812c7da86a1fed795eb9e8') in 0.012053 seconds
  Import took 0.026634 seconds .

========================================================================
Received Prepare
Registering precompiled user dll's ...
Registered in 0.001195 seconds.
Begin MonoManager ReloadAssembly
Native extension for WindowsStandalone target not found
Native extension for OSXStandalone target not found
Refreshing native plugins compatible for Editor in 0.47 ms, found 1 plugins.
Preloading 0 native plugins for Editor in 0.00 ms.
Mono: successfully reloaded assembly
- Completed reload, in  1.247 seconds
Platform modules already initialized, skipping
Refreshing native plugins compatible for Editor in 0.43 ms, found 1 plugins.
Preloading 0 native plugins for Editor in 0.00 ms.
Unloading 1832 Unused Serialized files (Serialized files now loaded: 0)
System memory in use before: 160.5 MB.
System memory in use after: 160.5 MB.

Unloading 13 unused Assets to reduce memory usage. Loaded Objects now: 2295.
Total: 2.305700 ms (FindLiveObjects: 0.201100 ms CreateObjectMapping: 0.070600 ms MarkObjects: 1.869000 ms  DeleteObjects: 0.163400 ms)

========================================================================
Received Prepare
Registering precompiled user dll's ...
Registered in 0.001163 seconds.
Begin MonoManager ReloadAssembly
Native extension for WindowsStandalone target not found
Native extension for OSXStandalone target not found
Refreshing native plugins compatible for Editor in 0.52 ms, found 1 plugins.
Preloading 0 native plugins for Editor in 0.00 ms.
Mono: successfully reloaded assembly
- Completed reload, in  1.197 seconds
Platform modules already initialized, skipping
Refreshing native plugins compatible for Editor in 0.44 ms, found 1 plugins.
Preloading 0 native plugins for Editor in 0.00 ms.
Unloading 1832 Unused Serialized files (Serialized files now loaded: 0)
System memory in use before: 160.6 MB.
System memory in use after: 160.5 MB.

Unloading 12 unused Assets to reduce memory usage. Loaded Objects now: 2299.
Total: 2.157400 ms (FindLiveObjects: 0.194800 ms CreateObjectMapping: 0.070300 ms MarkObjects: 1.744200 ms  DeleteObjects: 0.146400 ms)

========================================================================
Received Import Request.
  Time since last request: 57.528464 seconds.
  path: Assets/Prefabs/Recorder/Recorder_LongNote.prefab
  artifactKey: Guid(774572e479086574e9c5d7894a6848b5) Importer(815301076,1909f56bfc062723c751e8b465ee728b)
Start importing Assets/Prefabs/Recorder/Recorder_LongNote.prefab using Guid(774572e479086574e9c5d7894a6848b5) Importer(815301076,1909f56bfc062723c751e8b465ee728b)  -> (artifact id: '92c7cdf81a0884841f780a0086178d91') in 0.080214 seconds
  Import took 0.083476 seconds .

========================================================================
Received Import Request.
  Time since last request: 2.436803 seconds.
  path: Assets/Prefabs/Recorder/Recorder_LongNote.prefab
  artifactKey: Guid(774572e479086574e9c5d7894a6848b5) Importer(815301076,1909f56bfc062723c751e8b465ee728b)
Start importing Assets/Prefabs/Recorder/Recorder_LongNote.prefab using Guid(774572e479086574e9c5d7894a6848b5) Importer(815301076,1909f56bfc062723c751e8b465ee728b)  -> (artifact id: 'bffb96309af31f3b02b25738b91c2e3e') in 0.018184 seconds
  Import took 0.022004 seconds .

========================================================================
Received Import Request.
  Time since last request: 1.629397 seconds.
  path: Assets/Prefabs/Recorder/Recorder_LongNote.prefab
  artifactKey: Guid(774572e479086574e9c5d7894a6848b5) Importer(815301076,1909f56bfc062723c751e8b465ee728b)
Start importing Assets/Prefabs/Recorder/Recorder_LongNote.prefab using Guid(774572e479086574e9c5d7894a6848b5) Importer(815301076,1909f56bfc062723c751e8b465ee728b)  -> (artifact id: '68c9257916d3efd51211e277422dfdc4') in 0.015350 seconds
  Import took 0.019097 seconds .

========================================================================
Received Import Request.
  Time since last request: 3.253892 seconds.
  path: Assets/Prefabs/Recorder/Recorder_LongNote.prefab
  artifactKey: Guid(774572e479086574e9c5d7894a6848b5) Importer(815301076,1909f56bfc062723c751e8b465ee728b)
Start importing Assets/Prefabs/Recorder/Recorder_LongNote.prefab using Guid(774572e479086574e9c5d7894a6848b5) Importer(815301076,1909f56bfc062723c751e8b465ee728b)  -> (artifact id: '1a74e9c3d08bcfc55fb0d93c49c70de5') in 0.013351 seconds
  Import took 0.019297 seconds .

========================================================================
Received Import Request.
  Time since last request: 4.538826 seconds.
  path: Assets/Prefabs/Recorder/Recorder_LongNote.prefab
  artifactKey: Guid(774572e479086574e9c5d7894a6848b5) Importer(815301076,1909f56bfc062723c751e8b465ee728b)
Start importing Assets/Prefabs/Recorder/Recorder_LongNote.prefab using Guid(774572e479086574e9c5d7894a6848b5) Importer(815301076,1909f56bfc062723c751e8b465ee728b)  -> (artifact id: '55aeaed54ca946368a7cf6e6f20b7f1d') in 0.019738 seconds
  Import took 0.025433 seconds .

========================================================================
Received Prepare
Registering precompiled user dll's ...
Registered in 0.001178 seconds.
Begin MonoManager ReloadAssembly
Native extension for WindowsStandalone target not found
Native extension for OSXStandalone target not found
Refreshing native plugins compatible for Editor in 0.44 ms, found 1 plugins.
Preloading 0 native plugins for Editor in 0.00 ms.
Mono: successfully reloaded assembly
- Completed reload, in  1.205 seconds
Platform modules already initialized, skipping
Refreshing native plugins compatible for Editor in 0.45 ms, found 1 plugins.
Preloading 0 native plugins for Editor in 0.00 ms.
Unloading 1832 Unused Serialized files (Serialized files now loaded: 0)
System memory in use before: 160.6 MB.
System memory in use after: 160.6 MB.

Unloading 12 unused Assets to reduce memory usage. Loaded Objects now: 2304.
Total: 2.329500 ms (FindLiveObjects: 0.182000 ms CreateObjectMapping: 0.073300 ms MarkObjects: 1.929900 ms  DeleteObjects: 0.142900 ms)

========================================================================
Received Import Request.
  Time since last request: 108.803427 seconds.
  path: Assets/Prefabs/Recorder/Recorder_CircleNote.prefab
  artifactKey: Guid(c5794498ce12f2249b47acb2e02942ed) Importer(815301076,1909f56bfc062723c751e8b465ee728b)
Start importing Assets/Prefabs/Recorder/Recorder_CircleNote.prefab using Guid(c5794498ce12f2249b47acb2e02942ed) Importer(815301076,1909f56bfc062723c751e8b465ee728b)  -> (artifact id: 'caa0c19f9f4b791b037807899424c617') in 0.069191 seconds
  Import took 0.072436 seconds .

========================================================================
Received Import Request.
  Time since last request: 2.115923 seconds.
  path: Assets/Prefabs/Recorder/Recorder_CircleNote.prefab
  artifactKey: Guid(c5794498ce12f2249b47acb2e02942ed) Importer(815301076,1909f56bfc062723c751e8b465ee728b)
Start importing Assets/Prefabs/Recorder/Recorder_CircleNote.prefab using Guid(c5794498ce12f2249b47acb2e02942ed) Importer(815301076,1909f56bfc062723c751e8b465ee728b)  -> (artifact id: '7c9d447794f6050aacee50392bf8d198') in 0.017012 seconds
  Import took 0.021543 seconds .

========================================================================
Received Import Request.
  Time since last request: 4.475611 seconds.
  path: Assets/Prefabs/Recorder/Recorder_CircleNote.prefab
  artifactKey: Guid(c5794498ce12f2249b47acb2e02942ed) Importer(815301076,1909f56bfc062723c751e8b465ee728b)
Start importing Assets/Prefabs/Recorder/Recorder_CircleNote.prefab using Guid(c5794498ce12f2249b47acb2e02942ed) Importer(815301076,1909f56bfc062723c751e8b465ee728b)  -> (artifact id: 'fc09e707e77304d78c6ae21e87a5fabc') in 0.017934 seconds
  Import took 0.021484 seconds .

========================================================================
Received Import Request.
  Time since last request: 7.329045 seconds.
  path: Assets/Prefabs/Recorder/Recorder_CircleNote.prefab
  artifactKey: Guid(c5794498ce12f2249b47acb2e02942ed) Importer(815301076,1909f56bfc062723c751e8b465ee728b)
Start importing Assets/Prefabs/Recorder/Recorder_CircleNote.prefab using Guid(c5794498ce12f2249b47acb2e02942ed) Importer(815301076,1909f56bfc062723c751e8b465ee728b)  -> (artifact id: 'd923b362cdd86c5a22e7470cb3baa77d') in 0.011614 seconds
  Import took 0.015950 seconds .

========================================================================
Received Import Request.
  Time since last request: 15.973507 seconds.
  path: Assets/Prefabs/Recorder/Recorder_CircleNote.prefab
  artifactKey: Guid(c5794498ce12f2249b47acb2e02942ed) Importer(815301076,1909f56bfc062723c751e8b465ee728b)
Start importing Assets/Prefabs/Recorder/Recorder_CircleNote.prefab using Guid(c5794498ce12f2249b47acb2e02942ed) Importer(815301076,1909f56bfc062723c751e8b465ee728b)  -> (artifact id: '65e0da786229cf724940a20a28091f43') in 0.012169 seconds
  Import took 0.016697 seconds .

========================================================================
Received Import Request.
  Time since last request: 6.225022 seconds.
  path: Assets/Prefabs/Recorder/Recorder_LongNote.prefab
  artifactKey: Guid(774572e479086574e9c5d7894a6848b5) Importer(815301076,1909f56bfc062723c751e8b465ee728b)
Start importing Assets/Prefabs/Recorder/Recorder_LongNote.prefab using Guid(774572e479086574e9c5d7894a6848b5) Importer(815301076,1909f56bfc062723c751e8b465ee728b)  -> (artifact id: 'b5413695000ded5232adf35fcfc1a434') in 0.019534 seconds
  Import took 0.023094 seconds .

========================================================================
Received Import Request.
  Time since last request: 2.197598 seconds.
  path: Assets/Prefabs/Recorder/Recorder_LongNote.prefab
  artifactKey: Guid(774572e479086574e9c5d7894a6848b5) Importer(815301076,1909f56bfc062723c751e8b465ee728b)
Start importing Assets/Prefabs/Recorder/Recorder_LongNote.prefab using Guid(774572e479086574e9c5d7894a6848b5) Importer(815301076,1909f56bfc062723c751e8b465ee728b)  -> (artifact id: '43d3b4425897e7bc3420c7fff39af553') in 0.016488 seconds
  Import took 0.021258 seconds .

========================================================================
Received Import Request.
  Time since last request: 2.022796 seconds.
  path: Assets/Prefabs/Recorder/Recorder_LongNote.prefab
  artifactKey: Guid(774572e479086574e9c5d7894a6848b5) Importer(815301076,1909f56bfc062723c751e8b465ee728b)
Start importing Assets/Prefabs/Recorder/Recorder_LongNote.prefab using Guid(774572e479086574e9c5d7894a6848b5) Importer(815301076,1909f56bfc062723c751e8b465ee728b)  -> (artifact id: 'b74a92123072b6219caf5eced167bb56') in 0.015546 seconds
  Import took 0.020316 seconds .

========================================================================
Received Import Request.
  Time since last request: 2.623595 seconds.
  path: Assets/Prefabs/Recorder/Recorder_LongNote.prefab
  artifactKey: Guid(774572e479086574e9c5d7894a6848b5) Importer(815301076,1909f56bfc062723c751e8b465ee728b)
Start importing Assets/Prefabs/Recorder/Recorder_LongNote.prefab using Guid(774572e479086574e9c5d7894a6848b5) Importer(815301076,1909f56bfc062723c751e8b465ee728b)  -> (artifact id: '4ce65d175535960282a1ca9d65259da7') in 0.017118 seconds
  Import took 0.021688 seconds .

========================================================================
Received Import Request.
  Time since last request: 4.498895 seconds.
  path: Assets/Prefabs/Recorder/Recorder_LongNote.prefab
  artifactKey: Guid(774572e479086574e9c5d7894a6848b5) Importer(815301076,1909f56bfc062723c751e8b465ee728b)
Start importing Assets/Prefabs/Recorder/Recorder_LongNote.prefab using Guid(774572e479086574e9c5d7894a6848b5) Importer(815301076,1909f56bfc062723c751e8b465ee728b)  -> (artifact id: '97f664c03f7b125cddf6b919812e9a3f') in 0.013856 seconds
  Import took 0.019251 seconds .

========================================================================
Received Import Request.
  Time since last request: 1.337543 seconds.
  path: Assets/Prefabs/Recorder/Recorder_LongNote.prefab
  artifactKey: Guid(774572e479086574e9c5d7894a6848b5) Importer(815301076,1909f56bfc062723c751e8b465ee728b)
Start importing Assets/Prefabs/Recorder/Recorder_LongNote.prefab using Guid(774572e479086574e9c5d7894a6848b5) Importer(815301076,1909f56bfc062723c751e8b465ee728b)  -> (artifact id: 'e4343bf16e0c403137ebb5bd74e39ee7') in 0.015705 seconds
  Import took 0.020114 seconds .

========================================================================
Received Import Request.
  Time since last request: 1.262850 seconds.
  path: Assets/Prefabs/Recorder/Recorder_LongNote.prefab
  artifactKey: Guid(774572e479086574e9c5d7894a6848b5) Importer(815301076,1909f56bfc062723c751e8b465ee728b)
Start importing Assets/Prefabs/Recorder/Recorder_LongNote.prefab using Guid(774572e479086574e9c5d7894a6848b5) Importer(815301076,1909f56bfc062723c751e8b465ee728b)  -> (artifact id: '8a11897546dea806a02c1ced5c5cfed2') in 0.016422 seconds
  Import took 0.023005 seconds .

========================================================================
Received Import Request.
  Time since last request: 1.462827 seconds.
  path: Assets/Prefabs/Recorder/Recorder_LongNote.prefab
  artifactKey: Guid(774572e479086574e9c5d7894a6848b5) Importer(815301076,1909f56bfc062723c751e8b465ee728b)
Start importing Assets/Prefabs/Recorder/Recorder_LongNote.prefab using Guid(774572e479086574e9c5d7894a6848b5) Importer(815301076,1909f56bfc062723c751e8b465ee728b)  -> (artifact id: 'ec4c81ea1af95ecbd475c695c1180c40') in 0.014425 seconds
  Import took 0.018129 seconds .

========================================================================
Received Import Request.
  Time since last request: 3.015008 seconds.
  path: Assets/Prefabs/Recorder/Recorder_Note.prefab
  artifactKey: Guid(2e3023ea38010154fbfecb7787f4fd54) Importer(815301076,1909f56bfc062723c751e8b465ee728b)
Start importing Assets/Prefabs/Recorder/Recorder_Note.prefab using Guid(2e3023ea38010154fbfecb7787f4fd54) Importer(815301076,1909f56bfc062723c751e8b465ee728b)  -> (artifact id: '591d557eccaafef9077e996d539aacc9') in 0.011883 seconds
  Import took 0.016840 seconds .

========================================================================
Received Import Request.
  Time since last request: 1.438839 seconds.
  path: Assets/Prefabs/Recorder/Recorder_Note.prefab
  artifactKey: Guid(2e3023ea38010154fbfecb7787f4fd54) Importer(815301076,1909f56bfc062723c751e8b465ee728b)
Start importing Assets/Prefabs/Recorder/Recorder_Note.prefab using Guid(2e3023ea38010154fbfecb7787f4fd54) Importer(815301076,1909f56bfc062723c751e8b465ee728b)  -> (artifact id: '18ee54134ac3e568b8e14039a20c2cff') in 0.010183 seconds
  Import took 0.013919 seconds .

========================================================================
Received Import Request.
  Time since last request: 2.009361 seconds.
  path: Assets/Prefabs/Recorder/Recorder_Note.prefab
  artifactKey: Guid(2e3023ea38010154fbfecb7787f4fd54) Importer(815301076,1909f56bfc062723c751e8b465ee728b)
Start importing Assets/Prefabs/Recorder/Recorder_Note.prefab using Guid(2e3023ea38010154fbfecb7787f4fd54) Importer(815301076,1909f56bfc062723c751e8b465ee728b)  -> (artifact id: '2be9a56caed8e9a8a2b994b5803bf368') in 0.012829 seconds
  Import took 0.017525 seconds .

========================================================================
Received Prepare
Registering precompiled user dll's ...
Registered in 0.001203 seconds.
Begin MonoManager ReloadAssembly
Native extension for WindowsStandalone target not found
Native extension for OSXStandalone target not found
Refreshing native plugins compatible for Editor in 0.44 ms, found 1 plugins.
Preloading 0 native plugins for Editor in 0.00 ms.
Mono: successfully reloaded assembly
- Completed reload, in  1.214 seconds
Platform modules already initialized, skipping
Refreshing native plugins compatible for Editor in 0.45 ms, found 1 plugins.
Preloading 0 native plugins for Editor in 0.00 ms.
Unloading 1832 Unused Serialized files (Serialized files now loaded: 0)
System memory in use before: 160.6 MB.
System memory in use after: 160.6 MB.

Unloading 12 unused Assets to reduce memory usage. Loaded Objects now: 2309.
Total: 4.136400 ms (FindLiveObjects: 0.287200 ms CreateObjectMapping: 0.146100 ms MarkObjects: 3.462000 ms  DeleteObjects: 0.238800 ms)

========================================================================
Received Prepare
Registering precompiled user dll's ...
Registered in 0.001189 seconds.
Begin MonoManager ReloadAssembly
Native extension for WindowsStandalone target not found
Native extension for OSXStandalone target not found
Refreshing native plugins compatible for Editor in 0.45 ms, found 1 plugins.
Preloading 0 native plugins for Editor in 0.00 ms.
Mono: successfully reloaded assembly
- Completed reload, in  1.204 seconds
Platform modules already initialized, skipping
Refreshing native plugins compatible for Editor in 0.61 ms, found 1 plugins.
Preloading 0 native plugins for Editor in 0.00 ms.
Unloading 1832 Unused Serialized files (Serialized files now loaded: 0)
System memory in use before: 160.7 MB.
System memory in use after: 160.6 MB.

Unloading 12 unused Assets to reduce memory usage. Loaded Objects now: 2313.
Total: 2.342000 ms (FindLiveObjects: 0.210200 ms CreateObjectMapping: 0.083700 ms MarkObjects: 1.900300 ms  DeleteObjects: 0.146300 ms)

========================================================================
Received Prepare
Registering precompiled user dll's ...
Registered in 0.001216 seconds.
Begin MonoManager ReloadAssembly
Native extension for WindowsStandalone target not found
Native extension for OSXStandalone target not found
Refreshing native plugins compatible for Editor in 0.45 ms, found 1 plugins.
Preloading 0 native plugins for Editor in 0.00 ms.
Mono: successfully reloaded assembly
- Completed reload, in  1.222 seconds
Platform modules already initialized, skipping
Refreshing native plugins compatible for Editor in 0.48 ms, found 1 plugins.
Preloading 0 native plugins for Editor in 0.00 ms.
Unloading 1832 Unused Serialized files (Serialized files now loaded: 0)
System memory in use before: 160.7 MB.
System memory in use after: 160.6 MB.

Unloading 12 unused Assets to reduce memory usage. Loaded Objects now: 2317.
Total: 2.239000 ms (FindLiveObjects: 0.182200 ms CreateObjectMapping: 0.072300 ms MarkObjects: 1.831000 ms  DeleteObjects: 0.151900 ms)

========================================================================
Received Prepare
Registering precompiled user dll's ...
Registered in 0.001179 seconds.
Begin MonoManager ReloadAssembly
Native extension for WindowsStandalone target not found
Native extension for OSXStandalone target not found
Refreshing native plugins compatible for Editor in 0.47 ms, found 1 plugins.
Preloading 0 native plugins for Editor in 0.00 ms.
Mono: successfully reloaded assembly
- Completed reload, in  1.206 seconds
Platform modules already initialized, skipping
Refreshing native plugins compatible for Editor in 0.46 ms, found 1 plugins.
Preloading 0 native plugins for Editor in 0.00 ms.
Unloading 1832 Unused Serialized files (Serialized files now loaded: 0)
System memory in use before: 160.7 MB.
System memory in use after: 160.6 MB.

Unloading 12 unused Assets to reduce memory usage. Loaded Objects now: 2321.
Total: 2.369300 ms (FindLiveObjects: 0.176800 ms CreateObjectMapping: 0.073900 ms MarkObjects: 1.943900 ms  DeleteObjects: 0.173300 ms)

========================================================================
Received Prepare
Registering precompiled user dll's ...
Registered in 0.001215 seconds.
Begin MonoManager ReloadAssembly
Native extension for WindowsStandalone target not found
Native extension for OSXStandalone target not found
Refreshing native plugins compatible for Editor in 0.46 ms, found 1 plugins.
Preloading 0 native plugins for Editor in 0.00 ms.
Mono: successfully reloaded assembly
- Completed reload, in  1.219 seconds
Platform modules already initialized, skipping
Refreshing native plugins compatible for Editor in 0.45 ms, found 1 plugins.
Preloading 0 native plugins for Editor in 0.00 ms.
Unloading 1832 Unused Serialized files (Serialized files now loaded: 0)
System memory in use before: 160.7 MB.
System memory in use after: 160.7 MB.

Unloading 12 unused Assets to reduce memory usage. Loaded Objects now: 2325.
Total: 2.428900 ms (FindLiveObjects: 0.236000 ms CreateObjectMapping: 0.112100 ms MarkObjects: 1.944400 ms  DeleteObjects: 0.134900 ms)

========================================================================
Received Import Request.
  Time since last request: 451.376145 seconds.
  path: Assets/Prefabs/Recorder/Recorder_LongNote.prefab
  artifactKey: Guid(774572e479086574e9c5d7894a6848b5) Importer(815301076,1909f56bfc062723c751e8b465ee728b)
Start importing Assets/Prefabs/Recorder/Recorder_LongNote.prefab using Guid(774572e479086574e9c5d7894a6848b5) Importer(815301076,1909f56bfc062723c751e8b465ee728b)  -> (artifact id: '0dd8f9f44c1c1aae9fb3ba5767ed3d5a') in 0.087501 seconds
  Import took 0.092099 seconds .

========================================================================
Received Import Request.
  Time since last request: 4.284121 seconds.
  path: Assets/Prefabs/Recorder/Recorder_Note.prefab
  artifactKey: Guid(2e3023ea38010154fbfecb7787f4fd54) Importer(815301076,1909f56bfc062723c751e8b465ee728b)
Start importing Assets/Prefabs/Recorder/Recorder_Note.prefab using Guid(2e3023ea38010154fbfecb7787f4fd54) Importer(815301076,1909f56bfc062723c751e8b465ee728b)  -> (artifact id: 'ae9e641f0bdb54aad7473630869dd2a1') in 0.009993 seconds
  Import took 0.015257 seconds .

========================================================================
Received Prepare
Registering precompiled user dll's ...
Registered in 0.001197 seconds.
Begin MonoManager ReloadAssembly
Native extension for WindowsStandalone target not found
Native extension for OSXStandalone target not found
Refreshing native plugins compatible for Editor in 0.48 ms, found 1 plugins.
Preloading 0 native plugins for Editor in 0.00 ms.
Mono: successfully reloaded assembly
- Completed reload, in  1.220 seconds
Platform modules already initialized, skipping
Refreshing native plugins compatible for Editor in 0.45 ms, found 1 plugins.
Preloading 0 native plugins for Editor in 0.00 ms.
Unloading 1832 Unused Serialized files (Serialized files now loaded: 0)
System memory in use before: 160.7 MB.
System memory in use after: 160.7 MB.

Unloading 12 unused Assets to reduce memory usage. Loaded Objects now: 2330.
Total: 2.586200 ms (FindLiveObjects: 0.176300 ms CreateObjectMapping: 0.074100 ms MarkObjects: 2.189000 ms  DeleteObjects: 0.145400 ms)

========================================================================
Received Prepare
Registering precompiled user dll's ...
Registered in 0.001188 seconds.
Begin MonoManager ReloadAssembly
Native extension for WindowsStandalone target not found
Native extension for OSXStandalone target not found
Refreshing native plugins compatible for Editor in 0.44 ms, found 1 plugins.
Preloading 0 native plugins for Editor in 0.00 ms.
Mono: successfully reloaded assembly
- Completed reload, in  1.182 seconds
Platform modules already initialized, skipping
Refreshing native plugins compatible for Editor in 0.53 ms, found 1 plugins.
Preloading 0 native plugins for Editor in 0.00 ms.
Unloading 1832 Unused Serialized files (Serialized files now loaded: 0)
System memory in use before: 160.7 MB.
System memory in use after: 160.7 MB.

Unloading 12 unused Assets to reduce memory usage. Loaded Objects now: 2334.
Total: 2.419400 ms (FindLiveObjects: 0.188200 ms CreateObjectMapping: 0.096900 ms MarkObjects: 1.999500 ms  DeleteObjects: 0.133500 ms)

========================================================================
Received Prepare
Registering precompiled user dll's ...
Registered in 0.001160 seconds.
Begin MonoManager ReloadAssembly
Native extension for WindowsStandalone target not found
Native extension for OSXStandalone target not found
Refreshing native plugins compatible for Editor in 0.44 ms, found 1 plugins.
Preloading 0 native plugins for Editor in 0.00 ms.
Mono: successfully reloaded assembly
- Completed reload, in  1.240 seconds
Platform modules already initialized, skipping
Refreshing native plugins compatible for Editor in 0.48 ms, found 1 plugins.
Preloading 0 native plugins for Editor in 0.00 ms.
Unloading 1832 Unused Serialized files (Serialized files now loaded: 0)
System memory in use before: 160.7 MB.
System memory in use after: 160.7 MB.

Unloading 12 unused Assets to reduce memory usage. Loaded Objects now: 2338.
Total: 2.427100 ms (FindLiveObjects: 0.237800 ms CreateObjectMapping: 0.093800 ms MarkObjects: 1.963600 ms  DeleteObjects: 0.130500 ms)

========================================================================
Received Prepare
Registering precompiled user dll's ...
Registered in 0.001125 seconds.
Begin MonoManager ReloadAssembly
Native extension for WindowsStandalone target not found
Native extension for OSXStandalone target not found
Refreshing native plugins compatible for Editor in 0.44 ms, found 1 plugins.
Preloading 0 native plugins for Editor in 0.00 ms.
Mono: successfully reloaded assembly
- Completed reload, in  1.211 seconds
Platform modules already initialized, skipping
Refreshing native plugins compatible for Editor in 0.46 ms, found 1 plugins.
Preloading 0 native plugins for Editor in 0.00 ms.
Unloading 1832 Unused Serialized files (Serialized files now loaded: 0)
System memory in use before: 160.7 MB.
System memory in use after: 160.7 MB.

Unloading 12 unused Assets to reduce memory usage. Loaded Objects now: 2342.
Total: 2.191800 ms (FindLiveObjects: 0.180700 ms CreateObjectMapping: 0.073900 ms MarkObjects: 1.794100 ms  DeleteObjects: 0.141700 ms)

========================================================================
Received Prepare
Registering precompiled user dll's ...
Registered in 0.001194 seconds.
Begin MonoManager ReloadAssembly
Native extension for WindowsStandalone target not found
Native extension for OSXStandalone target not found
Refreshing native plugins compatible for Editor in 0.67 ms, found 1 plugins.
Preloading 0 native plugins for Editor in 0.00 ms.
Mono: successfully reloaded assembly
- Completed reload, in  1.206 seconds
Platform modules already initialized, skipping
Refreshing native plugins compatible for Editor in 0.59 ms, found 1 plugins.
Preloading 0 native plugins for Editor in 0.00 ms.
Unloading 1832 Unused Serialized files (Serialized files now loaded: 0)
System memory in use before: 160.7 MB.
System memory in use after: 160.7 MB.

Unloading 12 unused Assets to reduce memory usage. Loaded Objects now: 2346.
Total: 3.225400 ms (FindLiveObjects: 0.212700 ms CreateObjectMapping: 0.072300 ms MarkObjects: 2.789400 ms  DeleteObjects: 0.149600 ms)

========================================================================
Received Prepare
Registering precompiled user dll's ...
Registered in 0.001202 seconds.
Begin MonoManager ReloadAssembly
Native extension for WindowsStandalone target not found
Native extension for OSXStandalone target not found
Refreshing native plugins compatible for Editor in 0.45 ms, found 1 plugins.
Preloading 0 native plugins for Editor in 0.00 ms.
Mono: successfully reloaded assembly
- Completed reload, in  1.226 seconds
Platform modules already initialized, skipping
Refreshing native plugins compatible for Editor in 0.51 ms, found 1 plugins.
Preloading 0 native plugins for Editor in 0.00 ms.
Unloading 1832 Unused Serialized files (Serialized files now loaded: 0)
System memory in use before: 160.7 MB.
System memory in use after: 160.7 MB.

Unloading 12 unused Assets to reduce memory usage. Loaded Objects now: 2350.
Total: 3.200100 ms (FindLiveObjects: 0.261400 ms CreateObjectMapping: 0.166100 ms MarkObjects: 2.572600 ms  DeleteObjects: 0.198400 ms)

========================================================================
Received Prepare
Registering precompiled user dll's ...
Registered in 0.001178 seconds.
Begin MonoManager ReloadAssembly
Native extension for WindowsStandalone target not found
Native extension for OSXStandalone target not found
Refreshing native plugins compatible for Editor in 0.47 ms, found 1 plugins.
Preloading 0 native plugins for Editor in 0.00 ms.
Mono: successfully reloaded assembly
- Completed reload, in  1.251 seconds
Platform modules already initialized, skipping
Refreshing native plugins compatible for Editor in 0.50 ms, found 1 plugins.
Preloading 0 native plugins for Editor in 0.00 ms.
Unloading 1832 Unused Serialized files (Serialized files now loaded: 0)
System memory in use before: 160.7 MB.
System memory in use after: 160.7 MB.

Unloading 12 unused Assets to reduce memory usage. Loaded Objects now: 2354.
Total: 2.768500 ms (FindLiveObjects: 0.234200 ms CreateObjectMapping: 0.130500 ms MarkObjects: 2.261900 ms  DeleteObjects: 0.140500 ms)

========================================================================
Received Prepare
Registering precompiled user dll's ...
Registered in 0.001636 seconds.
Begin MonoManager ReloadAssembly
Native extension for WindowsStandalone target not found
Native extension for OSXStandalone target not found
Refreshing native plugins compatible for Editor in 0.52 ms, found 1 plugins.
Preloading 0 native plugins for Editor in 0.00 ms.
Mono: successfully reloaded assembly
- Completed reload, in  1.185 seconds
Platform modules already initialized, skipping
Refreshing native plugins compatible for Editor in 0.47 ms, found 1 plugins.
Preloading 0 native plugins for Editor in 0.00 ms.
Unloading 1832 Unused Serialized files (Serialized files now loaded: 0)
System memory in use before: 160.8 MB.
System memory in use after: 160.7 MB.

Unloading 12 unused Assets to reduce memory usage. Loaded Objects now: 2358.
Total: 2.299500 ms (FindLiveObjects: 0.194400 ms CreateObjectMapping: 0.075500 ms MarkObjects: 1.892500 ms  DeleteObjects: 0.133400 ms)

========================================================================
Received Import Request.
  Time since last request: 750.608887 seconds.
  path: Assets/Scenes/MainMenu.unity
  artifactKey: Guid(ffc3707bc7652e640b8a230363ca6ec5) Importer(815301076,1909f56bfc062723c751e8b465ee728b)
Start importing Assets/Scenes/MainMenu.unity using Guid(ffc3707bc7652e640b8a230363ca6ec5) Importer(815301076,1909f56bfc062723c751e8b465ee728b)  -> (artifact id: '775bcee978cb2b965c93d0af09e5d501') in 0.026003 seconds
  Import took 0.029573 seconds .

========================================================================
Received Prepare
Registering precompiled user dll's ...
Registered in 0.001696 seconds.
Begin MonoManager ReloadAssembly
Native extension for WindowsStandalone target not found
Native extension for OSXStandalone target not found
Refreshing native plugins compatible for Editor in 0.45 ms, found 1 plugins.
Preloading 0 native plugins for Editor in 0.00 ms.
Mono: successfully reloaded assembly
- Completed reload, in  1.468 seconds
Platform modules already initialized, skipping
Refreshing native plugins compatible for Editor in 0.60 ms, found 1 plugins.
Preloading 0 native plugins for Editor in 0.00 ms.
Unloading 1832 Unused Serialized files (Serialized files now loaded: 0)
System memory in use before: 160.8 MB.
System memory in use after: 160.7 MB.

Unloading 12 unused Assets to reduce memory usage. Loaded Objects now: 2362.
Total: 2.795600 ms (FindLiveObjects: 0.248000 ms CreateObjectMapping: 0.143000 ms MarkObjects: 2.219400 ms  DeleteObjects: 0.183800 ms)

========================================================================
Received Prepare
Registering precompiled user dll's ...
Registered in 0.001191 seconds.
Begin MonoManager ReloadAssembly
Native extension for WindowsStandalone target not found
Native extension for OSXStandalone target not found
Refreshing native plugins compatible for Editor in 0.50 ms, found 1 plugins.
Preloading 0 native plugins for Editor in 0.00 ms.
Mono: successfully reloaded assembly
- Completed reload, in  1.180 seconds
Platform modules already initialized, skipping
Refreshing native plugins compatible for Editor in 0.44 ms, found 1 plugins.
Preloading 0 native plugins for Editor in 0.00 ms.
Unloading 1832 Unused Serialized files (Serialized files now loaded: 0)
System memory in use before: 160.8 MB.
System memory in use after: 160.8 MB.

Unloading 12 unused Assets to reduce memory usage. Loaded Objects now: 2366.
Total: 2.259500 ms (FindLiveObjects: 0.191900 ms CreateObjectMapping: 0.075700 ms MarkObjects: 1.842300 ms  DeleteObjects: 0.148200 ms)

========================================================================
Received Prepare
Registering precompiled user dll's ...
Registered in 0.001272 seconds.
Begin MonoManager ReloadAssembly
Native extension for WindowsStandalone target not found
Native extension for OSXStandalone target not found
Refreshing native plugins compatible for Editor in 0.48 ms, found 1 plugins.
Preloading 0 native plugins for Editor in 0.00 ms.
Mono: successfully reloaded assembly
- Completed reload, in  1.256 seconds
Platform modules already initialized, skipping
Refreshing native plugins compatible for Editor in 0.44 ms, found 1 plugins.
Preloading 0 native plugins for Editor in 0.00 ms.
Unloading 1832 Unused Serialized files (Serialized files now loaded: 0)
System memory in use before: 160.8 MB.
System memory in use after: 160.8 MB.

Unloading 12 unused Assets to reduce memory usage. Loaded Objects now: 2370.
Total: 2.260100 ms (FindLiveObjects: 0.187700 ms CreateObjectMapping: 0.075100 ms MarkObjects: 1.864000 ms  DeleteObjects: 0.131900 ms)

AssetImportWorkerClient::OnTransportError - code=2 error=End of file
